#
# There is insufficient memory for the Java Runtime Environment to continue.
# Native memory allocation (mmap) failed to map 65536 bytes for Failed to commit metaspace.
# Possible reasons:
#   The system is out of physical RAM or swap space
#   The process is running with CompressedOops enabled, and the Java Heap may be blocking the growth of the native heap
# Possible solutions:
#   Reduce memory load on the system
#   Increase physical memory or swap space
#   Check if swap backing store is full
#   Decrease Java heap size (-Xmx/-Xms)
#   Decrease number of Java threads
#   Decrease Java thread stack sizes (-Xss)
#   Set larger code cache with -XX:ReservedCodeCacheSize=
#   JVM is running with Unscaled Compressed Oops mode in which the Java heap is
#     placed in the first 4GB address space. The Java Heap base address is the
#     maximum limit for the native heap growth. Please use -XX:HeapBaseMinAddress
#     to set the Java Heap base and to place the Java Heap above 4GB virtual address.
# This output file may be truncated or incomplete.
#
#  Out of Memory Error (virtualSpaceNode.cpp:110), pid=8496, tid=16192
#
# JRE version: OpenJDK Runtime Environment Temurin-17.0.7+7 (17.0.7+7) (build 17.0.7+7)
# Java VM: OpenJDK 64-Bit Server VM Temurin-17.0.7+7 (17.0.7+7, mixed mode, tiered, compressed oops, compressed class ptrs, parallel gc, windows-amd64)
# No core dump will be written. Minidumps are not enabled by default on client versions of Windows
#

---------------  S U M M A R Y ------------

Command Line: --add-modules=ALL-SYSTEM --add-opens=java.base/java.util=ALL-UNNAMED --add-opens=java.base/java.lang=ALL-UNNAMED --add-opens=java.base/sun.nio.fs=ALL-UNNAMED -Declipse.application=org.eclipse.jdt.ls.core.id1 -Dosgi.bundles.defaultStartLevel=4 -Declipse.product=org.eclipse.jdt.ls.core.product -Djava.import.generatesMetadataFilesAtProjectRoot=false -Dfile.encoding=utf8 -XX:+UseParallelGC -XX:GCTimeRatio=4 -XX:AdaptiveSizePolicyWeight=90 -Dsun.zip.disableMemoryMapping=true -Xmx1G -Xms100m -Xlog:disable -javaagent:c:\Users\User\.vscode\extensions\redhat.java-1.18.0-win32-x64\lombok\lombok-1.18.27.jar -XX:+HeapDumpOnOutOfMemoryError -XX:HeapDumpPath=c:\Users\User\AppData\Roaming\Code\User\workspaceStorage\896c532ae2d96f347aefc6fb54d38a78\redhat.java -Daether.dependencyCollector.impl=bf c:\Users\User\.vscode\extensions\redhat.java-1.18.0-win32-x64\server\plugins\org.eclipse.equinox.launcher_1.6.400.v20210924-0641.jar -configuration c:\Users\User\AppData\Roaming\Code\User\globalStorage\redhat.java\1.18.0\config_win -data c:\Users\User\AppData\Roaming\Code\User\workspaceStorage\896c532ae2d96f347aefc6fb54d38a78\redhat.java\jdt_ws

Host: 11th Gen Intel(R) Core(TM) i5-1135G7 @ 2.40GHz, 8 cores, 15G,  Windows 11 , 64 bit Build 22621 (10.0.22621.1485)
Time: Mon May  1 08:44:37 2023 India Standard Time elapsed time: 0.261908 seconds (0d 0h 0m 0s)

---------------  T H R E A D  ---------------

Current thread (0x00000222df74f660):  JavaThread "main" [_thread_in_vm, id=16192, stack(0x0000008339800000,0x0000008339900000)]

Stack: [0x0000008339800000,0x0000008339900000]
Native frames: (J=compiled Java code, j=interpreted, Vv=VM code, C=native code)
V  [jvm.dll+0x67754a]
V  [jvm.dll+0x834304]
V  [jvm.dll+0x835aae]
V  [jvm.dll+0x836113]
V  [jvm.dll+0x24696f]
V  [jvm.dll+0x83039b]
V  [jvm.dll+0x61c006]
V  [jvm.dll+0x1c169e]
V  [jvm.dll+0x61e961]
V  [jvm.dll+0x61c9a6]
V  [jvm.dll+0x626887]
V  [jvm.dll+0x1eb47b]
V  [jvm.dll+0x1eb9b5]
V  [jvm.dll+0x1ec3ef]
V  [jvm.dll+0x1e1891]
V  [jvm.dll+0x53ea50]
V  [jvm.dll+0x1f2067]
V  [jvm.dll+0x7af05b]
V  [jvm.dll+0x7b0402]
V  [jvm.dll+0x7b0738]
V  [jvm.dll+0x23ec6e]
V  [jvm.dll+0x380a4e]
C  0x00000222eb0eae1b

Java frames: (J=compiled Java code, j=interpreted, Vv=VM code)
j  java.net.URLEncoder.<clinit>()V+0 java.base@17.0.7
v  ~StubRoutines::call_stub
j  java.net.URLDecoder.<clinit>()V+0 java.base@17.0.7
v  ~StubRoutines::call_stub
j  lombok.launch.ShadowClassLoader.urlDecode(Ljava/lang/String;)Ljava/lang/String;+15
j  lombok.launch.ShadowClassLoader.<init>(Ljava/lang/ClassLoader;Ljava/lang/String;Ljava/lang/String;Ljava/util/List;Ljava/util/List;)V+368
j  lombok.launch.Main.getShadowClassLoader()Ljava/lang/ClassLoader;+37
j  lombok.launch.Agent.runLauncher(Ljava/lang/String;Ljava/lang/instrument/Instrumentation;Z)V+0
j  lombok.launch.Agent.premain(Ljava/lang/String;Ljava/lang/instrument/Instrumentation;)V+3
v  ~StubRoutines::call_stub
j  jdk.internal.reflect.NativeMethodAccessorImpl.invoke0(Ljava/lang/reflect/Method;Ljava/lang/Object;[Ljava/lang/Object;)Ljava/lang/Object;+0 java.base@17.0.7
j  jdk.internal.reflect.NativeMethodAccessorImpl.invoke(Ljava/lang/Object;[Ljava/lang/Object;)Ljava/lang/Object;+133 java.base@17.0.7
j  jdk.internal.reflect.DelegatingMethodAccessorImpl.invoke(Ljava/lang/Object;[Ljava/lang/Object;)Ljava/lang/Object;+6 java.base@17.0.7
j  java.lang.reflect.Method.invoke(Ljava/lang/Object;[Ljava/lang/Object;)Ljava/lang/Object;+59 java.base@17.0.7
j  sun.instrument.InstrumentationImpl.loadClassAndStartAgent(Ljava/lang/String;Ljava/lang/String;Ljava/lang/String;)V+166 java.instrument@17.0.7
j  sun.instrument.InstrumentationImpl.loadClassAndCallPremain(Ljava/lang/String;Ljava/lang/String;)V+6 java.instrument@17.0.7
v  ~StubRoutines::call_stub

---------------  P R O C E S S  ---------------

Threads class SMR info:
_java_thread_list=0x00000222df7dcd70, length=12, elements={
0x00000222df74f660, 0x00000222df80b340, 0x00000222df80d6a0, 0x00000222f551df80,
0x00000222f551ea40, 0x00000222fa7c9cb0, 0x00000222fa7ca660, 0x00000222fa7cc280,
0x00000222fa7d4960, 0x00000222fa7d5e30, 0x00000222df7b16d0, 0x00000222fa7d11b0
}

Java Threads: ( => current thread )
=>0x00000222df74f660 JavaThread "main" [_thread_in_vm, id=16192, stack(0x0000008339800000,0x0000008339900000)]
  0x00000222df80b340 JavaThread "Reference Handler" daemon [_thread_blocked, id=18128, stack(0x0000008339b00000,0x0000008339c00000)]
  0x00000222df80d6a0 JavaThread "Finalizer" daemon [_thread_blocked, id=8196, stack(0x0000008339c00000,0x0000008339d00000)]
  0x00000222f551df80 JavaThread "Signal Dispatcher" daemon [_thread_blocked, id=8164, stack(0x0000008339d00000,0x0000008339e00000)]
  0x00000222f551ea40 JavaThread "Attach Listener" daemon [_thread_blocked, id=19560, stack(0x0000008339e00000,0x0000008339f00000)]
  0x00000222fa7c9cb0 JavaThread "Service Thread" daemon [_thread_blocked, id=18948, stack(0x0000008339f00000,0x000000833a000000)]
  0x00000222fa7ca660 JavaThread "Monitor Deflation Thread" daemon [_thread_blocked, id=6668, stack(0x000000833a000000,0x000000833a100000)]
  0x00000222fa7cc280 JavaThread "C2 CompilerThread0" daemon [_thread_blocked, id=20456, stack(0x000000833a100000,0x000000833a200000)]
  0x00000222fa7d4960 JavaThread "C1 CompilerThread0" daemon [_thread_blocked, id=9052, stack(0x000000833a200000,0x000000833a300000)]
  0x00000222fa7d5e30 JavaThread "Sweeper thread" daemon [_thread_blocked, id=8492, stack(0x000000833a300000,0x000000833a400000)]
  0x00000222df7b16d0 JavaThread "Common-Cleaner" daemon [_thread_blocked, id=2080, stack(0x000000833a400000,0x000000833a500000)]
  0x00000222fa7d11b0 JavaThread "C2 CompilerThread1" daemon [_thread_blocked, id=18512, stack(0x000000833a500000,0x000000833a600000)]

Other Threads:
  0x00000222f550fcc0 VMThread "VM Thread" [stack: 0x0000008339a00000,0x0000008339b00000] [id=19500]
  0x00000222df763e30 GCTaskThread "GC Thread#0" [stack: 0x0000008339900000,0x0000008339a00000] [id=14280]

Threads with active compile tasks:

VM state: not at safepoint (normal execution)

VM Mutex/Monitor currently owned by a thread:  ([mutex/lock_event])
[0x00000222df58d5c0] Metaspace_lock - owner thread: 0x00000222df74f660

Heap address: 0x00000000c0000000, size: 1024 MB, Compressed Oops mode: 32-bit

CDS archive(s) not mapped
Compressed class space mapped at: 0x0000000100000000-0x0000000140000000, reserved size: 1073741824
Narrow klass base: 0x0000000000000000, Narrow klass shift: 3, Narrow klass range: 0x140000000

GC Precious Log:
 CPUs: 8 total, 8 available
 Memory: 16149M
 Large Page Support: Disabled
 NUMA Support: Disabled
 Compressed Oops: Enabled (32-bit)
 Alignments: Space 512K, Generation 512K, Heap 2M
 Heap Min Capacity: 100M
 Heap Initial Capacity: 100M
 Heap Max Capacity: 1G
 Pre-touch: Disabled
 Parallel Workers: 8

Heap:
 PSYoungGen      total 29696K, used 3080K [0x00000000eab00000, 0x00000000ecc00000, 0x0000000100000000)
  eden space 25600K, 12% used [0x00000000eab00000,0x00000000eae02210,0x00000000ec400000)
  from space 4096K, 0% used [0x00000000ec800000,0x00000000ec800000,0x00000000ecc00000)
  to   space 4096K, 0% used [0x00000000ec400000,0x00000000ec400000,0x00000000ec800000)
 ParOldGen       total 68608K, used 0K [0x00000000c0000000, 0x00000000c4300000, 0x00000000eab00000)
  object space 68608K, 0% used [0x00000000c0000000,0x00000000c0000000,0x00000000c4300000)
 Metaspace       used 5696K, committed 5824K, reserved 1114112K
  class space    used 547K, committed 640K, reserved 1048576K

Card table byte_map: [0x00000222f2d90000,0x00000222f2fa0000] _byte_map_base: 0x00000222f2790000

Marking Bits: (ParMarkBitMap*) 0x00007ffa6b2f52c0
 Begin Bits: [0x00000222f3100000, 0x00000222f4100000)
 End Bits:   [0x00000222f4100000, 0x00000222f5100000)

Polling page: 0x00000222e3b80000

Metaspace:

Usage:
  Non-class:      5.03 MB used.
      Class:    547.52 KB used.
       Both:      5.56 MB used.

Virtual space:
  Non-class space:       64.00 MB reserved,       5.06 MB (  8%) committed,  1 nodes.
      Class space:        1.00 GB reserved,     640.00 KB ( <1%) committed,  1 nodes.
             Both:        1.06 GB reserved,       5.69 MB ( <1%) committed. 

Chunk freelists:
   Non-Class:  10.47 MB
       Class:  15.25 MB
        Both:  25.72 MB

MaxMetaspaceSize: unlimited
CompressedClassSpaceSize: 1.00 GB
Initial GC threshold: 21.00 MB
Current GC threshold: 21.00 MB
CDS: off
MetaspaceReclaimPolicy: balanced
 - commit_granule_bytes: 65536.
 - commit_granule_words: 8192.
 - virtual_space_node_default_size: 8388608.
 - enlarge_chunks_in_place: 1.
 - new_chunks_are_fully_committed: 0.
 - uncommit_free_chunks: 1.
 - use_allocation_guard: 0.
 - handle_deallocations: 1.


Internal statistics:

num_allocs_failed_limit: 0.
num_arena_births: 8.
num_arena_deaths: 0.
num_vsnodes_births: 2.
num_vsnodes_deaths: 0.
num_space_committed: 91.
num_space_uncommitted: 0.
num_chunks_returned_to_freelist: 0.
num_chunks_taken_from_freelist: 20.
num_chunk_merges: 0.
num_chunk_splits: 9.
num_chunks_enlarged: 5.
num_inconsistent_stats: 0.

CodeHeap 'non-profiled nmethods': size=120000Kb used=70Kb max_used=70Kb free=119929Kb
 bounds [0x00000222eb670000, 0x00000222eb8e0000, 0x00000222f2ba0000]
CodeHeap 'profiled nmethods': size=120000Kb used=275Kb max_used=275Kb free=119724Kb
 bounds [0x00000222e3ba0000, 0x00000222e3e10000, 0x00000222eb0d0000]
CodeHeap 'non-nmethods': size=5760Kb used=1106Kb max_used=1120Kb free=4653Kb
 bounds [0x00000222eb0d0000, 0x00000222eb340000, 0x00000222eb670000]
 total_blobs=614 nmethods=242 adapters=287
 compilation: enabled
              stopped_count=0, restarted_count=0
 full_count=0

Compilation events (20 events):
Event: 0.254 Thread 0x00000222fa7d4960  229   !   3       jdk.internal.misc.ScopedMemoryAccess::getByte (20 bytes)
Event: 0.255 Thread 0x00000222fa7cc280  232       4       java.lang.ref.Reference::reachabilityFence (1 bytes)
Event: 0.255 Thread 0x00000222fa7d4960 nmethod 229 0x00000222e3be0e90 code [0x00000222e3be1060, 0x00000222e3be1498]
Event: 0.255 Thread 0x00000222fa7d4960  227   !   3       java.nio.DirectByteBuffer::get (34 bytes)
Event: 0.255 Thread 0x00000222fa7cc280 nmethod 232 0x00000222eb680210 code [0x00000222eb680380, 0x00000222eb6803d8]
Event: 0.255 Thread 0x00000222fa7d4960 nmethod 227 0x00000222e3be1690 code [0x00000222e3be18c0, 0x00000222e3be2098]
Event: 0.255 Thread 0x00000222fa7d4960  234       3       jdk.internal.jimage.ImageStringsReader::unmaskedHashCode (166 bytes)
Event: 0.256 Thread 0x00000222fa7d4960 nmethod 234 0x00000222e3be2510 code [0x00000222e3be2760, 0x00000222e3be3338]
Event: 0.256 Thread 0x00000222fa7d4960  230   !   3       jdk.internal.misc.ScopedMemoryAccess::getByteInternal (36 bytes)
Event: 0.257 Thread 0x00000222fa7d4960 nmethod 230 0x00000222e3be3810 code [0x00000222e3be39c0, 0x00000222e3be3c28]
Event: 0.257 Thread 0x00000222fa7d4960  233       1       java.nio.Buffer::limit (5 bytes)
Event: 0.257 Thread 0x00000222fa7d4960 nmethod 233 0x00000222eb680510 code [0x00000222eb6806a0, 0x00000222eb680778]
Event: 0.257 Thread 0x00000222fa7d4960  235       3       java.lang.Class::getName (18 bytes)
Event: 0.257 Thread 0x00000222fa7d4960 nmethod 235 0x00000222e3be3d90 code [0x00000222e3be3f40, 0x00000222e3be40c8]
Event: 0.258 Thread 0x00000222fa7d4960  237       3       java.lang.invoke.MethodType::checkSlotCount (33 bytes)
Event: 0.258 Thread 0x00000222fa7cc280  240       4       java.util.Objects::requireNonNull (14 bytes)
Event: 0.258 Thread 0x00000222fa7cc280 nmethod 240 0x00000222eb681410 code [0x00000222eb681580, 0x00000222eb6815f8]
Event: 0.258 Thread 0x00000222fa7d4960 nmethod 237 0x00000222e3be4190 code [0x00000222e3be43c0, 0x00000222e3be4a58]
Event: 0.258 Thread 0x00000222fa7d4960  238       1       java.lang.invoke.MethodType$ConcurrentWeakInternSet$WeakEntry::hashCode (5 bytes)
Event: 0.258 Thread 0x00000222fa7d4960 nmethod 238 0x00000222eb681710 code [0x00000222eb6818a0, 0x00000222eb681978]

GC Heap History (0 events):
No events

Dll operation events (7 events):
Event: 0.009 Loaded shared library c:\Users\User\.vscode\extensions\redhat.java-1.18.0-win32-x64\jre\17.0.7-win32-x86_64\bin\java.dll
Event: 0.183 Loaded shared library c:\Users\User\.vscode\extensions\redhat.java-1.18.0-win32-x64\jre\17.0.7-win32-x86_64\bin\zip.dll
Event: 0.188 Loaded shared library C:\Users\User\.vscode\extensions\redhat.java-1.18.0-win32-x64\jre\17.0.7-win32-x86_64\bin\instrument.dll
Event: 0.212 Loaded shared library C:\Users\User\.vscode\extensions\redhat.java-1.18.0-win32-x64\jre\17.0.7-win32-x86_64\bin\net.dll
Event: 0.214 Loaded shared library C:\Users\User\.vscode\extensions\redhat.java-1.18.0-win32-x64\jre\17.0.7-win32-x86_64\bin\nio.dll
Event: 0.228 Loaded shared library C:\Users\User\.vscode\extensions\redhat.java-1.18.0-win32-x64\jre\17.0.7-win32-x86_64\bin\zip.dll
Event: 0.251 Loaded shared library C:\Users\User\.vscode\extensions\redhat.java-1.18.0-win32-x64\jre\17.0.7-win32-x86_64\bin\jimage.dll

Deoptimization events (0 events):
No events

Classes unloaded (0 events):
No events

Classes redefined (0 events):
No events

Internal exceptions (1 events):
Event: 0.156 Thread 0x00000222df74f660 Exception <a 'java/lang/NoSuchMethodError'{0x00000000eacb25b0}: 'void java.lang.invoke.DirectMethodHandle$Holder.invokeStatic(java.lang.Object, java.lang.Object, java.lang.Object)'> (0x00000000eacb25b0) 
thrown [s\src\hotspot\share\interpreter\linkResolver.cpp, line 759]

VM Operations (2 events):
Event: 0.161 Executing VM operation: HandshakeAllThreads
Event: 0.161 Executing VM operation: HandshakeAllThreads done

Events (20 events):
Event: 0.258 loading class java/util/regex/Pattern$Slice done
Event: 0.258 loading class java/util/regex/Pattern$Begin
Event: 0.258 loading class java/util/regex/Pattern$Begin done
Event: 0.258 loading class java/util/regex/Pattern$First
Event: 0.258 loading class java/util/regex/Pattern$First done
Event: 0.258 loading class java/util/regex/Pattern$Start
Event: 0.258 loading class java/util/regex/Pattern$Start done
Event: 0.258 loading class java/util/regex/Pattern$TreeInfo
Event: 0.258 loading class java/util/regex/Pattern$TreeInfo done
Event: 0.258 loading class java/util/regex/Matcher
Event: 0.259 loading class java/util/regex/MatchResult
Event: 0.259 loading class java/util/regex/MatchResult done
Event: 0.259 loading class java/util/regex/Matcher done
Event: 0.259 loading class java/util/regex/IntHashSet
Event: 0.259 loading class java/util/regex/IntHashSet done
Event: 0.259 loading class java/net/URLDecoder
Event: 0.259 loading class java/net/URLDecoder done
Event: 0.259 loading class java/net/URLEncoder
Event: 0.259 loading class java/net/URLEncoder done
Event: 0.259 loading class java/util/BitSet


Dynamic libraries:
0x00007ff6212d0000 - 0x00007ff6212de000 	c:\Users\User\.vscode\extensions\redhat.java-1.18.0-win32-x64\jre\17.0.7-win32-x86_64\bin\java.exe
0x00007ffb27bb0000 - 0x00007ffb27dc4000 	C:\WINDOWS\SYSTEM32\ntdll.dll
0x00007ffb26be0000 - 0x00007ffb26ca2000 	C:\WINDOWS\System32\KERNEL32.DLL
0x00007ffb253e0000 - 0x00007ffb2577c000 	C:\WINDOWS\System32\KERNELBASE.dll
0x00007ffb258a0000 - 0x00007ffb259b1000 	C:\WINDOWS\System32\ucrtbase.dll
0x00007ffb01170000 - 0x00007ffb01187000 	c:\Users\User\.vscode\extensions\redhat.java-1.18.0-win32-x64\jre\17.0.7-win32-x86_64\bin\jli.dll
0x00007ffafe740000 - 0x00007ffafe759000 	c:\Users\User\.vscode\extensions\redhat.java-1.18.0-win32-x64\jre\17.0.7-win32-x86_64\bin\VCRUNTIME140.dll
0x00007ffb26a30000 - 0x00007ffb26bdb000 	C:\WINDOWS\System32\USER32.dll
0x00007ffb253b0000 - 0x00007ffb253d6000 	C:\WINDOWS\System32\win32u.dll
0x00007ffb26cb0000 - 0x00007ffb26cd9000 	C:\WINDOWS\System32\GDI32.dll
0x00007ffb05ea0000 - 0x00007ffb0612e000 	C:\WINDOWS\WinSxS\amd64_microsoft.windows.common-controls_6595b64144ccf1df_6.0.22621.608_none_a9444ca7c10bb01d\COMCTL32.dll
0x00007ffb25780000 - 0x00007ffb25893000 	C:\WINDOWS\System32\gdi32full.dll
0x00007ffb26290000 - 0x00007ffb26337000 	C:\WINDOWS\System32\msvcrt.dll
0x00007ffb24ff0000 - 0x00007ffb2508a000 	C:\WINDOWS\System32\msvcp_win.dll
0x00007ffb27600000 - 0x00007ffb27631000 	C:\WINDOWS\System32\IMM32.DLL
0x00007ffb06e40000 - 0x00007ffb06e4c000 	c:\Users\User\.vscode\extensions\redhat.java-1.18.0-win32-x64\jre\17.0.7-win32-x86_64\bin\vcruntime140_1.dll
0x00007ffa7aed0000 - 0x00007ffa7af61000 	c:\Users\User\.vscode\extensions\redhat.java-1.18.0-win32-x64\jre\17.0.7-win32-x86_64\bin\msvcp140.dll
0x00007ffa6a770000 - 0x00007ffa6b3b8000 	c:\Users\User\.vscode\extensions\redhat.java-1.18.0-win32-x64\jre\17.0.7-win32-x86_64\bin\server\jvm.dll
0x00007ffb26ce0000 - 0x00007ffb26d8e000 	C:\WINDOWS\System32\ADVAPI32.dll
0x00007ffb27770000 - 0x00007ffb27814000 	C:\WINDOWS\System32\sechost.dll
0x00007ffb27650000 - 0x00007ffb27767000 	C:\WINDOWS\System32\RPCRT4.dll
0x00007ffb1ae70000 - 0x00007ffb1aea4000 	C:\WINDOWS\SYSTEM32\WINMM.dll
0x00007ffaee410000 - 0x00007ffaee419000 	C:\WINDOWS\SYSTEM32\WSOCK32.dll
0x00007ffb19c10000 - 0x00007ffb19c1a000 	C:\WINDOWS\SYSTEM32\VERSION.dll
0x00007ffb26350000 - 0x00007ffb263c1000 	C:\WINDOWS\System32\WS2_32.dll
0x00007ffb24100000 - 0x00007ffb24118000 	C:\WINDOWS\SYSTEM32\kernel.appcore.dll
0x00007ffae2c80000 - 0x00007ffae2c8a000 	c:\Users\User\.vscode\extensions\redhat.java-1.18.0-win32-x64\jre\17.0.7-win32-x86_64\bin\jimage.dll
0x00007ffb22980000 - 0x00007ffb22bae000 	C:\WINDOWS\SYSTEM32\DBGHELP.DLL
0x00007ffb26d90000 - 0x00007ffb27119000 	C:\WINDOWS\System32\combase.dll
0x00007ffb268a0000 - 0x00007ffb26977000 	C:\WINDOWS\System32\OLEAUT32.dll
0x00007ffaffec0000 - 0x00007ffaffef2000 	C:\WINDOWS\SYSTEM32\dbgcore.DLL
0x00007ffb25150000 - 0x00007ffb251cb000 	C:\WINDOWS\System32\bcryptPrimitives.dll
0x00007ffae2c70000 - 0x00007ffae2c7e000 	c:\Users\User\.vscode\extensions\redhat.java-1.18.0-win32-x64\jre\17.0.7-win32-x86_64\bin\instrument.dll
0x00007ffa8bbd0000 - 0x00007ffa8bbf5000 	c:\Users\User\.vscode\extensions\redhat.java-1.18.0-win32-x64\jre\17.0.7-win32-x86_64\bin\java.dll
0x00007ffa921a0000 - 0x00007ffa921b8000 	c:\Users\User\.vscode\extensions\redhat.java-1.18.0-win32-x64\jre\17.0.7-win32-x86_64\bin\zip.dll
0x00007ffb25a20000 - 0x00007ffb26210000 	C:\WINDOWS\System32\SHELL32.dll
0x00007ffb22fb0000 - 0x00007ffb2387d000 	C:\WINDOWS\SYSTEM32\windows.storage.dll
0x00007ffb22e70000 - 0x00007ffb22fae000 	C:\WINDOWS\SYSTEM32\wintypes.dll
0x00007ffb26430000 - 0x00007ffb26521000 	C:\WINDOWS\System32\SHCORE.dll
0x00007ffb27120000 - 0x00007ffb2717e000 	C:\WINDOWS\System32\shlwapi.dll
0x00007ffb24f20000 - 0x00007ffb24f41000 	C:\WINDOWS\SYSTEM32\profapi.dll
0x00007ffae20d0000 - 0x00007ffae20e9000 	C:\Users\User\.vscode\extensions\redhat.java-1.18.0-win32-x64\jre\17.0.7-win32-x86_64\bin\net.dll
0x00007ffb1f570000 - 0x00007ffb1f6a7000 	C:\WINDOWS\SYSTEM32\WINHTTP.dll
0x00007ffb245a0000 - 0x00007ffb24609000 	C:\WINDOWS\system32\mswsock.dll
0x00007ffa91da0000 - 0x00007ffa91db5000 	C:\Users\User\.vscode\extensions\redhat.java-1.18.0-win32-x64\jre\17.0.7-win32-x86_64\bin\nio.dll

dbghelp: loaded successfully - version: 4.0.5 - missing functions: none
symbol engine: initialized successfully - sym options: 0x614 - pdb path: .;c:\Users\User\.vscode\extensions\redhat.java-1.18.0-win32-x64\jre\17.0.7-win32-x86_64\bin;C:\WINDOWS\SYSTEM32;C:\WINDOWS\WinSxS\amd64_microsoft.windows.common-controls_6595b64144ccf1df_6.0.22621.608_none_a9444ca7c10bb01d;c:\Users\User\.vscode\extensions\redhat.java-1.18.0-win32-x64\jre\17.0.7-win32-x86_64\bin\server

VM Arguments:
jvm_args: --add-modules=ALL-SYSTEM --add-opens=java.base/java.util=ALL-UNNAMED --add-opens=java.base/java.lang=ALL-UNNAMED --add-opens=java.base/sun.nio.fs=ALL-UNNAMED -Declipse.application=org.eclipse.jdt.ls.core.id1 -Dosgi.bundles.defaultStartLevel=4 -Declipse.product=org.eclipse.jdt.ls.core.product -Djava.import.generatesMetadataFilesAtProjectRoot=false -Dfile.encoding=utf8 -XX:+UseParallelGC -XX:GCTimeRatio=4 -XX:AdaptiveSizePolicyWeight=90 -Dsun.zip.disableMemoryMapping=true -Xmx1G -Xms100m -Xlog:disable -javaagent:c:\Users\User\.vscode\extensions\redhat.java-1.18.0-win32-x64\lombok\lombok-1.18.27.jar -XX:+HeapDumpOnOutOfMemoryError -XX:HeapDumpPath=c:\Users\User\AppData\Roaming\Code\User\workspaceStorage\896c532ae2d96f347aefc6fb54d38a78\redhat.java -Daether.dependencyCollector.impl=bf 
java_command: c:\Users\User\.vscode\extensions\redhat.java-1.18.0-win32-x64\server\plugins\org.eclipse.equinox.launcher_1.6.400.v20210924-0641.jar -configuration c:\Users\User\AppData\Roaming\Code\User\globalStorage\redhat.java\1.18.0\config_win -data c:\Users\User\AppData\Roaming\Code\User\workspaceStorage\896c532ae2d96f347aefc6fb54d38a78\redhat.java\jdt_ws
java_class_path (initial): c:\Users\User\.vscode\extensions\redhat.java-1.18.0-win32-x64\server\plugins\org.eclipse.equinox.launcher_1.6.400.v20210924-0641.jar
Launcher Type: SUN_STANDARD

[Global flags]
    uintx AdaptiveSizePolicyWeight                 = 90                                        {product} {command line}
     intx CICompilerCount                          = 4                                         {product} {ergonomic}
    uintx GCTimeRatio                              = 4                                         {product} {command line}
     bool HeapDumpOnOutOfMemoryError               = true                                   {manageable} {command line}
    ccstr HeapDumpPath                             = c:\Users\User\AppData\Roaming\Code\User\workspaceStorage\896c532ae2d96f347aefc6fb54d38a78\redhat.java         {manageable} {command line}
   size_t InitialHeapSize                          = 104857600                                 {product} {command line}
   size_t MaxHeapSize                              = 1073741824                                {product} {command line}
   size_t MaxNewSize                               = 357564416                                 {product} {ergonomic}
   size_t MinHeapDeltaBytes                        = 524288                                    {product} {ergonomic}
   size_t MinHeapSize                              = 104857600                                 {product} {command line}
   size_t NewSize                                  = 34603008                                  {product} {ergonomic}
    uintx NonNMethodCodeHeapSize                   = 5839372                                {pd product} {ergonomic}
    uintx NonProfiledCodeHeapSize                  = 122909434                              {pd product} {ergonomic}
   size_t OldSize                                  = 70254592                                  {product} {ergonomic}
    uintx ProfiledCodeHeapSize                     = 122909434                              {pd product} {ergonomic}
    uintx ReservedCodeCacheSize                    = 251658240                              {pd product} {ergonomic}
     bool SegmentedCodeCache                       = true                                      {product} {ergonomic}
   size_t SoftMaxHeapSize                          = 1073741824                             {manageable} {ergonomic}
     bool UseCompressedClassPointers               = true                           {product lp64_product} {ergonomic}
     bool UseCompressedOops                        = true                           {product lp64_product} {ergonomic}
     bool UseLargePagesIndividualAllocation        = false                                  {pd product} {ergonomic}
     bool UseParallelGC                            = true                                      {product} {command line}

Logging:
Log output configuration:
 #0: stdout all=off uptime,level,tags
 #1: stderr all=off uptime,level,tags

Environment Variables:
JAVA_HOME=C:\Program Files\Java\jdk-19
PATH=C:\Program Files\Common Files\Oracle\Java\javapath;C:\WINDOWS\system32;C:\WINDOWS;C:\WINDOWS\System32\Wbem;C:\WINDOWS\System32\WindowsPowerShell\v1.0\;C:\WINDOWS\System32\OpenSSH\;C:\Program Files\CodeBlocks\MinGW\bin;C:\xampp\php;C:\composer;C:\Program Files\nodejs\;C:\ProgramData\chocolatey\bin;C:\Program Files\nodejs;C:\xampp\php\InspiranteTechnologies-master;C:\Program Files\Git\cmd;C:\Program Files\mongosh\mongosh-1.6.0-win32-x64\bin;C:\Program Files\Docker\Docker\resources\bin;C:\Program Files\Java\jdk-19\bin;C:\gradle-8.0\bin;C:\Program Files\apache-maven-3.9.0\bin;C:\Users\User\AppData\Local\Programs\Python\Python311;C:\Users\User\AppData\Local\Programs\Python\Python311\Scripts;C:\Users\User\AppData\Local\Programs\Python\Python311\Scripts\;C:\Users\User\AppData\Local\Programs\Python\Python311\;C:\Users\User\AppData\Local\Microsoft\WindowsApps;C:\Program Files\CodeBlocks\MinGW\bin;;C:\Users\User\AppData\Local\Programs\Microsoft VS Code\bin;C:\Users\User\AppData\Roaming\Composer\vendor\bin;C:\Users\User\AppData\Roaming\npm
USERNAME=User
OS=Windows_NT
PROCESSOR_IDENTIFIER=Intel64 Family 6 Model 140 Stepping 1, GenuineIntel
TMP=C:\Users\User\AppData\Local\Temp
TEMP=C:\Users\User\AppData\Local\Temp



---------------  S Y S T E M  ---------------

OS:
 Windows 11 , 64 bit Build 22621 (10.0.22621.1485)
OS uptime: 0 days 17:00 hours
Hyper-V role detected

CPU: total 8 (initial active 8) (4 cores per cpu, 2 threads per core) family 6 model 140 stepping 1 microcode 0xa4, cx8, cmov, fxsr, ht, mmx, 3dnowpref, sse, sse2, sse3, ssse3, sse4.1, sse4.2, popcnt, lzcnt, tsc, tscinvbit, avx, avx2, aes, erms, clmul, bmi1, bmi2, adx, avx512f, avx512dq, avx512cd, avx512bw, avx512vl, sha, fma, vzeroupper, avx512_vpopcntdq, avx512_vpclmulqdq, avx512_vaes, avx512_vnni, clflush, clflushopt, clwb, avx512_vbmi2, avx512_vbmi, hv

Memory: 4k page, system-wide physical 16149M (2013M free)
TotalPageFile size 21857M (AvailPageFile size 0M)
current process WorkingSet (physical memory assigned to process): 33M, peak: 33M
current process commit charge ("private bytes"): 185M, peak: 185M

vm_info: OpenJDK 64-Bit Server VM (17.0.7+7) for windows-amd64 JRE (17.0.7+7), built on Apr 18 2023 22:10:42 by "temurin" with MS VC++ 16.7 (VS2019)

END.
