#
# There is insufficient memory for the Java Runtime Environment to continue.
# Native memory allocation (mmap) failed to map 65536 bytes for Failed to commit metaspace.
# Possible reasons:
#   The system is out of physical RAM or swap space
#   The process is running with CompressedOops enabled, and the Java Heap may be blocking the growth of the native heap
# Possible solutions:
#   Reduce memory load on the system
#   Increase physical memory or swap space
#   Check if swap backing store is full
#   Decrease Java heap size (-Xmx/-Xms)
#   Decrease number of Java threads
#   Decrease Java thread stack sizes (-Xss)
#   Set larger code cache with -XX:ReservedCodeCacheSize=
#   JVM is running with Unscaled Compressed Oops mode in which the Java heap is
#     placed in the first 4GB address space. The Java Heap base address is the
#     maximum limit for the native heap growth. Please use -XX:HeapBaseMinAddress
#     to set the Java Heap base and to place the Java Heap above 4GB virtual address.
# This output file may be truncated or incomplete.
#
#  Out of Memory Error (virtualSpaceNode.cpp:110), pid=20044, tid=18496
#
# JRE version: OpenJDK Runtime Environment Temurin-17.0.7+7 (17.0.7+7) (build 17.0.7+7)
# Java VM: OpenJDK 64-Bit Server VM Temurin-17.0.7+7 (17.0.7+7, mixed mode, tiered, compressed oops, compressed class ptrs, parallel gc, windows-amd64)
# No core dump will be written. Minidumps are not enabled by default on client versions of Windows
#

---------------  S U M M A R Y ------------

Command Line: --add-modules=ALL-SYSTEM --add-opens=java.base/java.util=ALL-UNNAMED --add-opens=java.base/java.lang=ALL-UNNAMED --add-opens=java.base/sun.nio.fs=ALL-UNNAMED -Declipse.application=org.eclipse.jdt.ls.core.id1 -Dosgi.bundles.defaultStartLevel=4 -Declipse.product=org.eclipse.jdt.ls.core.product -Djava.import.generatesMetadataFilesAtProjectRoot=false -Dfile.encoding=utf8 -XX:+UseParallelGC -XX:GCTimeRatio=4 -XX:AdaptiveSizePolicyWeight=90 -Dsun.zip.disableMemoryMapping=true -Xmx1G -Xms100m -Xlog:disable -javaagent:c:\Users\User\.vscode\extensions\redhat.java-1.18.0-win32-x64\lombok\lombok-1.18.27.jar c:\Users\User\.vscode\extensions\redhat.java-1.18.0-win32-x64\server\plugins\org.eclipse.equinox.launcher_1.6.400.v20210924-0641.jar -configuration c:\Users\User\AppData\Roaming\Code\User\globalStorage\redhat.java\1.18.0\config_ss_win -data c:\Users\User\AppData\Roaming\Code\User\workspaceStorage\896c532ae2d96f347aefc6fb54d38a78\redhat.java\ss_ws

Host: 11th Gen Intel(R) Core(TM) i5-1135G7 @ 2.40GHz, 8 cores, 15G,  Windows 11 , 64 bit Build 22621 (10.0.22621.1485)
Time: Mon May  1 08:44:37 2023 India Standard Time elapsed time: 0.511975 seconds (0d 0h 0m 0s)

---------------  T H R E A D  ---------------

Current thread (0x00000165a519cbf0):  JavaThread "main" [_thread_in_vm, id=18496, stack(0x00000035db000000,0x00000035db100000)]

Stack: [0x00000035db000000,0x00000035db100000]
Native frames: (J=compiled Java code, j=interpreted, Vv=VM code, C=native code)
V  [jvm.dll+0x67754a]
V  [jvm.dll+0x834304]
V  [jvm.dll+0x835aae]
V  [jvm.dll+0x836113]
V  [jvm.dll+0x24696f]
V  [jvm.dll+0x83039b]
V  [jvm.dll+0x61c006]
V  [jvm.dll+0x61c06a]
V  [jvm.dll+0x61e89a]
V  [jvm.dll+0x61c9a6]
V  [jvm.dll+0x23aeff]
V  [jvm.dll+0x626845]
V  [jvm.dll+0x1eb47b]
V  [jvm.dll+0x1eb9b5]
V  [jvm.dll+0x1ec3ef]
V  [jvm.dll+0x1e1891]
V  [jvm.dll+0x53ea50]
V  [jvm.dll+0x1f2067]
V  [jvm.dll+0x7af05b]
V  [jvm.dll+0x7b0402]
V  [jvm.dll+0x7b0738]
V  [jvm.dll+0x415278]
C  [java.dll+0x13e9]

Java frames: (J=compiled Java code, j=interpreted, Vv=VM code)
j  java.lang.Class.forName0(Ljava/lang/String;ZLjava/lang/ClassLoader;Ljava/lang/Class;)Ljava/lang/Class;+0 java.base@17.0.7
j  java.lang.Class.forName(Ljava/lang/String;)Ljava/lang/Class;+11 java.base@17.0.7
j  sun.security.x509.OIDMap$OIDInfo.getClazz()Ljava/lang/Class;+13 java.base@17.0.7
j  sun.security.x509.OIDMap.getClass(Lsun/security/util/ObjectIdentifier;)Ljava/lang/Class;+22 java.base@17.0.7
j  sun.security.x509.CertificateExtensions.parseExtension(Lsun/security/x509/Extension;)V+4 java.base@17.0.7
j  sun.security.x509.CertificateExtensions.init(Lsun/security/util/DerInputStream;)V+29 java.base@17.0.7
j  sun.security.x509.CertificateExtensions.<init>(Lsun/security/util/DerInputStream;)V+25 java.base@17.0.7
j  sun.security.x509.X509CertInfo.parse(Lsun/security/util/DerValue;)V+335 java.base@17.0.7
j  sun.security.x509.X509CertInfo.<init>(Lsun/security/util/DerValue;)V+67 java.base@17.0.7
j  sun.security.x509.X509CertImpl.parse(Lsun/security/util/DerValue;)V+228 java.base@17.0.7
j  sun.security.x509.X509CertImpl.<init>([B)V+50 java.base@17.0.7
j  sun.security.provider.X509Factory.engineGenerateCertificate(Ljava/io/InputStream;)Ljava/security/cert/Certificate;+54 java.base@17.0.7
j  java.security.cert.CertificateFactory.generateCertificate(Ljava/io/InputStream;)Ljava/security/cert/Certificate;+5 java.base@17.0.7
j  sun.security.pkcs.PKCS7.parseSignedData(Lsun/security/util/DerValue;)V+264 java.base@17.0.7
j  sun.security.pkcs.PKCS7.parse(Lsun/security/util/DerInputStream;Z)V+40 java.base@17.0.7
j  sun.security.pkcs.PKCS7.parse(Lsun/security/util/DerInputStream;)V+11 java.base@17.0.7
j  sun.security.pkcs.PKCS7.<init>([B)V+50 java.base@17.0.7
j  sun.security.util.SignatureFileVerifier.<init>(Ljava/util/ArrayList;Lsun/security/util/ManifestDigester;Ljava/lang/String;[B)V+40 java.base@17.0.7
j  java.util.jar.JarVerifier.processEntry(Lsun/security/util/ManifestEntryVerifier;)V+322 java.base@17.0.7
j  java.util.jar.JarVerifier.update(I[BIILsun/security/util/ManifestEntryVerifier;)V+39 java.base@17.0.7
j  java.util.jar.JarFile.initializeVerifier()V+163 java.base@17.0.7
j  java.util.jar.JarFile.ensureInitialization()V+41 java.base@17.0.7
j  java.util.jar.JavaUtilJarAccessImpl.ensureInitialization(Ljava/util/jar/JarFile;)V+1 java.base@17.0.7
j  jdk.internal.loader.URLClassPath$JarLoader$2.getManifest()Ljava/util/jar/Manifest;+10 java.base@17.0.7
j  jdk.internal.loader.BuiltinClassLoader.defineClass(Ljava/lang/String;Ljdk/internal/loader/Resource;)Ljava/lang/Class;+29 java.base@17.0.7
j  jdk.internal.loader.BuiltinClassLoader.findClassOnClassPathOrNull(Ljava/lang/String;)Ljava/lang/Class;+37 java.base@17.0.7
j  jdk.internal.loader.BuiltinClassLoader.loadClassOrNull(Ljava/lang/String;Z)Ljava/lang/Class;+111 java.base@17.0.7
j  jdk.internal.loader.BuiltinClassLoader.loadClass(Ljava/lang/String;Z)Ljava/lang/Class;+3 java.base@17.0.7
j  jdk.internal.loader.ClassLoaders$AppClassLoader.loadClass(Ljava/lang/String;Z)Ljava/lang/Class;+36 java.base@17.0.7
j  java.lang.ClassLoader.loadClass(Ljava/lang/String;)Ljava/lang/Class;+3 java.base@17.0.7
v  ~StubRoutines::call_stub
j  java.lang.Class.forName0(Ljava/lang/String;ZLjava/lang/ClassLoader;Ljava/lang/Class;)Ljava/lang/Class;+0 java.base@17.0.7
j  java.lang.Class.forName(Ljava/lang/String;ZLjava/lang/ClassLoader;)Ljava/lang/Class;+43 java.base@17.0.7
j  sun.launcher.LauncherHelper.loadMainClass(ILjava/lang/String;)Ljava/lang/Class;+95 java.base@17.0.7
j  sun.launcher.LauncherHelper.checkAndLoadMain(ZILjava/lang/String;)Ljava/lang/Class;+42 java.base@17.0.7
v  ~StubRoutines::call_stub

---------------  P R O C E S S  ---------------

Threads class SMR info:
_java_thread_list=0x00000165be6ed180, length=13, elements={
0x00000165a519cbf0, 0x00000165be363010, 0x00000165be363bc0, 0x00000165b9015dc0,
0x00000165b9016880, 0x00000165b9019840, 0x00000165be38c290, 0x00000165be391550,
0x00000165be391e50, 0x00000165be3932f0, 0x00000165a51fd740, 0x00000165be48cd50,
0x00000165be682990
}

Java Threads: ( => current thread )
=>0x00000165a519cbf0 JavaThread "main" [_thread_in_vm, id=18496, stack(0x00000035db000000,0x00000035db100000)]
  0x00000165be363010 JavaThread "Reference Handler" daemon [_thread_blocked, id=18564, stack(0x00000035db300000,0x00000035db400000)]
  0x00000165be363bc0 JavaThread "Finalizer" daemon [_thread_blocked, id=19408, stack(0x00000035db400000,0x00000035db500000)]
  0x00000165b9015dc0 JavaThread "Signal Dispatcher" daemon [_thread_blocked, id=13828, stack(0x00000035db500000,0x00000035db600000)]
  0x00000165b9016880 JavaThread "Attach Listener" daemon [_thread_blocked, id=19152, stack(0x00000035db600000,0x00000035db700000)]
  0x00000165b9019840 JavaThread "Service Thread" daemon [_thread_blocked, id=12952, stack(0x00000035db700000,0x00000035db800000)]
  0x00000165be38c290 JavaThread "Monitor Deflation Thread" daemon [_thread_blocked, id=18728, stack(0x00000035db800000,0x00000035db900000)]
  0x00000165be391550 JavaThread "C2 CompilerThread0" daemon [_thread_blocked, id=10952, stack(0x00000035db900000,0x00000035dba00000)]
  0x00000165be391e50 JavaThread "C1 CompilerThread0" daemon [_thread_blocked, id=10672, stack(0x00000035dba00000,0x00000035dbb00000)]
  0x00000165be3932f0 JavaThread "Sweeper thread" daemon [_thread_blocked, id=5260, stack(0x00000035dbb00000,0x00000035dbc00000)]
  0x00000165a51fd740 JavaThread "Common-Cleaner" daemon [_thread_blocked, id=1808, stack(0x00000035dbc00000,0x00000035dbd00000)]
  0x00000165be48cd50 JavaThread "C2 CompilerThread1" daemon [_thread_blocked, id=6968, stack(0x00000035dbd00000,0x00000035dbe00000)]
  0x00000165be682990 JavaThread "Notification Thread" daemon [_thread_blocked, id=9400, stack(0x00000035dbf00000,0x00000035dc000000)]

Other Threads:
  0x00000165be351020 VMThread "VM Thread" [stack: 0x00000035db200000,0x00000035db300000] [id=20964]
  0x00000165be6932d0 WatcherThread [stack: 0x00000035dc000000,0x00000035dc100000] [id=16748]
  0x00000165a51b23d0 GCTaskThread "GC Thread#0" [stack: 0x00000035db100000,0x00000035db200000] [id=17044]

Threads with active compile tasks:

VM state: not at safepoint (normal execution)

VM Mutex/Monitor currently owned by a thread:  ([mutex/lock_event])
[0x00000165a5197e20] Metaspace_lock - owner thread: 0x00000165a519cbf0

Heap address: 0x00000000c0000000, size: 1024 MB, Compressed Oops mode: 32-bit

CDS archive(s) not mapped
Compressed class space mapped at: 0x0000000100000000-0x0000000140000000, reserved size: 1073741824
Narrow klass base: 0x0000000000000000, Narrow klass shift: 3, Narrow klass range: 0x140000000

GC Precious Log:
 CPUs: 8 total, 8 available
 Memory: 16149M
 Large Page Support: Disabled
 NUMA Support: Disabled
 Compressed Oops: Enabled (32-bit)
 Alignments: Space 512K, Generation 512K, Heap 2M
 Heap Min Capacity: 100M
 Heap Initial Capacity: 100M
 Heap Max Capacity: 1G
 Pre-touch: Disabled
 Parallel Workers: 8

Heap:
 PSYoungGen      total 29696K, used 9498K [0x00000000eab00000, 0x00000000ecc00000, 0x0000000100000000)
  eden space 25600K, 37% used [0x00000000eab00000,0x00000000eb4468b8,0x00000000ec400000)
  from space 4096K, 0% used [0x00000000ec800000,0x00000000ec800000,0x00000000ecc00000)
  to   space 4096K, 0% used [0x00000000ec400000,0x00000000ec400000,0x00000000ec800000)
 ParOldGen       total 68608K, used 0K [0x00000000c0000000, 0x00000000c4300000, 0x00000000eab00000)
  object space 68608K, 0% used [0x00000000c0000000,0x00000000c0000000,0x00000000c4300000)
 Metaspace       used 7298K, committed 7360K, reserved 1114112K
  class space    used 715K, committed 768K, reserved 1048576K

Card table byte_map: [0x00000165a4b70000,0x00000165a4d80000] _byte_map_base: 0x00000165a4570000

Marking Bits: (ParMarkBitMap*) 0x00007ffa6b2f52c0
 Begin Bits: [0x00000165b6e20000, 0x00000165b7e20000)
 End Bits:   [0x00000165b7e20000, 0x00000165b8e20000)

Polling page: 0x00000165a4960000

Metaspace:

Usage:
  Non-class:      6.43 MB used.
      Class:    715.17 KB used.
       Both:      7.13 MB used.

Virtual space:
  Non-class space:       64.00 MB reserved,       6.44 MB ( 10%) committed,  1 nodes.
      Class space:        1.00 GB reserved,     768.00 KB ( <1%) committed,  1 nodes.
             Both:        1.06 GB reserved,       7.19 MB ( <1%) committed. 

Chunk freelists:
   Non-Class:  9.00 MB
       Class:  15.22 MB
        Both:  24.22 MB

MaxMetaspaceSize: unlimited
CompressedClassSpaceSize: 1.00 GB
Initial GC threshold: 21.00 MB
Current GC threshold: 21.00 MB
CDS: off
MetaspaceReclaimPolicy: balanced
 - commit_granule_bytes: 65536.
 - commit_granule_words: 8192.
 - virtual_space_node_default_size: 8388608.
 - enlarge_chunks_in_place: 1.
 - new_chunks_are_fully_committed: 0.
 - uncommit_free_chunks: 1.
 - use_allocation_guard: 0.
 - handle_deallocations: 1.


Internal statistics:

num_allocs_failed_limit: 0.
num_arena_births: 10.
num_arena_deaths: 0.
num_vsnodes_births: 2.
num_vsnodes_deaths: 0.
num_space_committed: 115.
num_space_uncommitted: 0.
num_chunks_returned_to_freelist: 0.
num_chunks_taken_from_freelist: 37.
num_chunk_merges: 0.
num_chunk_splits: 21.
num_chunks_enlarged: 16.
num_inconsistent_stats: 0.

CodeHeap 'non-profiled nmethods': size=120000Kb used=143Kb max_used=143Kb free=119856Kb
 bounds [0x00000165af8f0000, 0x00000165afb60000, 0x00000165b6e20000]
CodeHeap 'profiled nmethods': size=120000Kb used=590Kb max_used=590Kb free=119409Kb
 bounds [0x00000165a7e20000, 0x00000165a8090000, 0x00000165af350000]
CodeHeap 'non-nmethods': size=5760Kb used=1118Kb max_used=1135Kb free=4641Kb
 bounds [0x00000165af350000, 0x00000165af5c0000, 0x00000165af8f0000]
 total_blobs=834 nmethods=447 adapters=302
 compilation: enabled
              stopped_count=0, restarted_count=0
 full_count=0

Compilation events (20 events):
Event: 0.487 Thread 0x00000165be391e50 nmethod 439 0x00000165af910b90 code [0x00000165af910d20, 0x00000165af910df8]
Event: 0.487 Thread 0x00000165be391e50  440       1       java.security.Provider$Service::getAlgorithm (5 bytes)
Event: 0.487 Thread 0x00000165be391e50 nmethod 440 0x00000165af910e90 code [0x00000165af911020, 0x00000165af9110f8]
Event: 0.487 Thread 0x00000165be391e50  441       1       java.security.Provider$Service::getAliases (5 bytes)
Event: 0.487 Thread 0x00000165be391e50 nmethod 441 0x00000165af911190 code [0x00000165af911320, 0x00000165af9113f8]
Event: 0.490 Thread 0x00000165be391e50  443       3       java.security.Provider$ServiceKey::hashCode (19 bytes)
Event: 0.491 Thread 0x00000165be391e50 nmethod 443 0x00000165a7eb1590 code [0x00000165a7eb1740, 0x00000165a7eb18d8]
Event: 0.493 Thread 0x00000165be391550 nmethod 435 0x00000165af911490 code [0x00000165af911620, 0x00000165af911b18]
Event: 0.493 Thread 0x00000165be391550  444       4       jdk.internal.misc.Unsafe::allocateUninitializedArray (55 bytes)
Event: 0.494 Thread 0x00000165be48cd50 nmethod 438 0x00000165af911e10 code [0x00000165af911fc0, 0x00000165af9125e8]
Event: 0.494 Thread 0x00000165be48cd50  445       4       java.util.ArrayList$Itr::next (66 bytes)
Event: 0.494 Thread 0x00000165be391550 nmethod 444 0x00000165af912a10 code [0x00000165af912ba0, 0x00000165af912d58]
Event: 0.494 Thread 0x00000165be391550  442       4       java.lang.AbstractStringBuilder::putStringAt (12 bytes)
Event: 0.495 Thread 0x00000165be48cd50 nmethod 445 0x00000165af912e90 code [0x00000165af913020, 0x00000165af913158]
Event: 0.496 Thread 0x00000165be391550 nmethod 442 0x00000165af913290 code [0x00000165af913420, 0x00000165af9135f8]
Event: 0.498 Thread 0x00000165be391e50  446       3       sun.security.util.ObjectIdentifier::checkOidSize (86 bytes)
Event: 0.498 Thread 0x00000165be48cd50  448       4       java.util.HashMap$KeyIterator::next (8 bytes)
Event: 0.499 Thread 0x00000165be391e50 nmethod 446 0x00000165a7eb1a10 code [0x00000165a7eb1d20, 0x00000165a7eb2a68]
Event: 0.499 Thread 0x00000165be391e50  447       3       sun.security.util.ObjectIdentifier::checkOtherComponent (41 bytes)
Event: 0.499 Thread 0x00000165be391e50 nmethod 447 0x00000165a7eb2f90 code [0x00000165a7eb31c0, 0x00000165a7eb38a8]

GC Heap History (0 events):
No events

Dll operation events (8 events):
Event: 0.018 Loaded shared library c:\Users\User\.vscode\extensions\redhat.java-1.18.0-win32-x64\jre\17.0.7-win32-x86_64\bin\java.dll
Event: 0.222 Loaded shared library c:\Users\User\.vscode\extensions\redhat.java-1.18.0-win32-x64\jre\17.0.7-win32-x86_64\bin\zip.dll
Event: 0.225 Loaded shared library C:\Users\User\.vscode\extensions\redhat.java-1.18.0-win32-x64\jre\17.0.7-win32-x86_64\bin\instrument.dll
Event: 0.239 Loaded shared library C:\Users\User\.vscode\extensions\redhat.java-1.18.0-win32-x64\jre\17.0.7-win32-x86_64\bin\net.dll
Event: 0.242 Loaded shared library C:\Users\User\.vscode\extensions\redhat.java-1.18.0-win32-x64\jre\17.0.7-win32-x86_64\bin\nio.dll
Event: 0.249 Loaded shared library C:\Users\User\.vscode\extensions\redhat.java-1.18.0-win32-x64\jre\17.0.7-win32-x86_64\bin\zip.dll
Event: 0.266 Loaded shared library C:\Users\User\.vscode\extensions\redhat.java-1.18.0-win32-x64\jre\17.0.7-win32-x86_64\bin\jimage.dll
Event: 0.312 Loaded shared library c:\Users\User\.vscode\extensions\redhat.java-1.18.0-win32-x64\jre\17.0.7-win32-x86_64\bin\verify.dll

Deoptimization events (20 events):
Event: 0.461 Thread 0x00000165a519cbf0 Uncommon trap: trap_request=0xffffff45 fr.pc=0x00000165af8fe94c relative=0x000000000000056c
Event: 0.461 Thread 0x00000165a519cbf0 Uncommon trap: reason=unstable_if action=reinterpret pc=0x00000165af8fe94c method=java.util.HashMap.putVal(ILjava/lang/Object;Ljava/lang/Object;ZZ)Ljava/lang/Object; @ 181 c2
Event: 0.461 Thread 0x00000165a519cbf0 DEOPT PACKING pc=0x00000165af8fe94c sp=0x00000035db0fdae0
Event: 0.461 Thread 0x00000165a519cbf0 DEOPT UNPACKING pc=0x00000165af3a9ea3 sp=0x00000035db0fda50 mode 2
Event: 0.485 Thread 0x00000165a519cbf0 Uncommon trap: trap_request=0xffffffde fr.pc=0x00000165af9106ac relative=0x000000000000010c
Event: 0.485 Thread 0x00000165a519cbf0 Uncommon trap: reason=class_check action=maybe_recompile pc=0x00000165af9106ac method=jdk.internal.misc.Unsafe.allocateUninitializedArray(Ljava/lang/Class;I)Ljava/lang/Object; @ 51 c2
Event: 0.485 Thread 0x00000165a519cbf0 DEOPT PACKING pc=0x00000165af9106ac sp=0x00000035db0fbc40
Event: 0.485 Thread 0x00000165a519cbf0 DEOPT UNPACKING pc=0x00000165af3a9ea3 sp=0x00000035db0fbbc8 mode 2
Event: 0.485 Thread 0x00000165a519cbf0 Uncommon trap: trap_request=0xffffffde fr.pc=0x00000165af9106ac relative=0x000000000000010c
Event: 0.485 Thread 0x00000165a519cbf0 Uncommon trap: reason=class_check action=maybe_recompile pc=0x00000165af9106ac method=jdk.internal.misc.Unsafe.allocateUninitializedArray(Ljava/lang/Class;I)Ljava/lang/Object; @ 51 c2
Event: 0.485 Thread 0x00000165a519cbf0 DEOPT PACKING pc=0x00000165af9106ac sp=0x00000035db0fbc40
Event: 0.485 Thread 0x00000165a519cbf0 DEOPT UNPACKING pc=0x00000165af3a9ea3 sp=0x00000035db0fbbc8 mode 2
Event: 0.485 Thread 0x00000165a519cbf0 Uncommon trap: trap_request=0xffffffde fr.pc=0x00000165af9106ac relative=0x000000000000010c
Event: 0.485 Thread 0x00000165a519cbf0 Uncommon trap: reason=class_check action=maybe_recompile pc=0x00000165af9106ac method=jdk.internal.misc.Unsafe.allocateUninitializedArray(Ljava/lang/Class;I)Ljava/lang/Object; @ 51 c2
Event: 0.485 Thread 0x00000165a519cbf0 DEOPT PACKING pc=0x00000165af9106ac sp=0x00000035db0fbc40
Event: 0.485 Thread 0x00000165a519cbf0 DEOPT UNPACKING pc=0x00000165af3a9ea3 sp=0x00000035db0fbbc8 mode 2
Event: 0.485 Thread 0x00000165a519cbf0 Uncommon trap: trap_request=0xffffffde fr.pc=0x00000165af9106ac relative=0x000000000000010c
Event: 0.485 Thread 0x00000165a519cbf0 Uncommon trap: reason=class_check action=maybe_recompile pc=0x00000165af9106ac method=jdk.internal.misc.Unsafe.allocateUninitializedArray(Ljava/lang/Class;I)Ljava/lang/Object; @ 51 c2
Event: 0.485 Thread 0x00000165a519cbf0 DEOPT PACKING pc=0x00000165af9106ac sp=0x00000035db0fbc80
Event: 0.485 Thread 0x00000165a519cbf0 DEOPT UNPACKING pc=0x00000165af3a9ea3 sp=0x00000035db0fbc08 mode 2

Classes unloaded (0 events):
No events

Classes redefined (0 events):
No events

Internal exceptions (2 events):
Event: 0.196 Thread 0x00000165a519cbf0 Exception <a 'java/lang/NoSuchMethodError'{0x00000000eacb24e8}: 'void java.lang.invoke.DirectMethodHandle$Holder.invokeStatic(java.lang.Object, java.lang.Object, java.lang.Object)'> (0x00000000eacb24e8) 
thrown [s\src\hotspot\share\interpreter\linkResolver.cpp, line 759]
Event: 0.332 Thread 0x00000165a519cbf0 Exception <a 'java/lang/reflect/InvocationTargetException'{0x00000000eaf793d0}> (0x00000000eaf793d0) 
thrown [s\src\hotspot\share\runtime\reflection.cpp, line 1121]

VM Operations (2 events):
Event: 0.202 Executing VM operation: HandshakeAllThreads
Event: 0.202 Executing VM operation: HandshakeAllThreads done

Events (20 events):
Event: 0.497 loading class java/util/TreeMap done
Event: 0.497 loading class java/util/Collections$SynchronizedMap
Event: 0.497 loading class java/util/Collections$SynchronizedMap done
Event: 0.497 loading class sun/security/x509/Extension
Event: 0.497 loading class java/security/cert/Extension
Event: 0.497 loading class java/security/cert/Extension done
Event: 0.497 loading class sun/security/x509/Extension done
Event: 0.497 loading class sun/security/x509/OIDMap
Event: 0.498 loading class sun/security/x509/OIDMap done
Event: 0.498 loading class sun/security/x509/PKIXExtensions
Event: 0.498 loading class sun/security/x509/PKIXExtensions done
Event: 0.498 loading class sun/security/x509/OIDMap$OIDInfo
Event: 0.498 loading class sun/security/x509/OIDMap$OIDInfo done
Event: 0.499 loading class sun/security/x509/KeyUsageExtension
Event: 0.499 loading class sun/security/x509/KeyUsageExtension done
Event: 0.499 loading class java/util/TreeMap$Entry
Event: 0.499 loading class java/util/TreeMap$Entry done
Event: 0.499 loading class sun/security/x509/BasicConstraintsExtension
Event: 0.499 loading class sun/security/x509/BasicConstraintsExtension done
Event: 0.500 loading class sun/security/x509/SubjectKeyIdentifierExtension


Dynamic libraries:
0x00007ff6212d0000 - 0x00007ff6212de000 	c:\Users\User\.vscode\extensions\redhat.java-1.18.0-win32-x64\jre\17.0.7-win32-x86_64\bin\java.exe
0x00007ffb27bb0000 - 0x00007ffb27dc4000 	C:\WINDOWS\SYSTEM32\ntdll.dll
0x00007ffb26be0000 - 0x00007ffb26ca2000 	C:\WINDOWS\System32\KERNEL32.DLL
0x00007ffb253e0000 - 0x00007ffb2577c000 	C:\WINDOWS\System32\KERNELBASE.dll
0x00007ffb258a0000 - 0x00007ffb259b1000 	C:\WINDOWS\System32\ucrtbase.dll
0x00007ffb01170000 - 0x00007ffb01187000 	c:\Users\User\.vscode\extensions\redhat.java-1.18.0-win32-x64\jre\17.0.7-win32-x86_64\bin\jli.dll
0x00007ffb26a30000 - 0x00007ffb26bdb000 	C:\WINDOWS\System32\USER32.dll
0x00007ffb253b0000 - 0x00007ffb253d6000 	C:\WINDOWS\System32\win32u.dll
0x00007ffb26cb0000 - 0x00007ffb26cd9000 	C:\WINDOWS\System32\GDI32.dll
0x00007ffb25780000 - 0x00007ffb25893000 	C:\WINDOWS\System32\gdi32full.dll
0x00007ffb24ff0000 - 0x00007ffb2508a000 	C:\WINDOWS\System32\msvcp_win.dll
0x00007ffafe740000 - 0x00007ffafe759000 	c:\Users\User\.vscode\extensions\redhat.java-1.18.0-win32-x64\jre\17.0.7-win32-x86_64\bin\VCRUNTIME140.dll
0x00007ffb05ea0000 - 0x00007ffb0612e000 	C:\WINDOWS\WinSxS\amd64_microsoft.windows.common-controls_6595b64144ccf1df_6.0.22621.608_none_a9444ca7c10bb01d\COMCTL32.dll
0x00007ffb26290000 - 0x00007ffb26337000 	C:\WINDOWS\System32\msvcrt.dll
0x00007ffb27600000 - 0x00007ffb27631000 	C:\WINDOWS\System32\IMM32.DLL
0x00007ffb06e40000 - 0x00007ffb06e4c000 	c:\Users\User\.vscode\extensions\redhat.java-1.18.0-win32-x64\jre\17.0.7-win32-x86_64\bin\vcruntime140_1.dll
0x00007ffa7aed0000 - 0x00007ffa7af61000 	c:\Users\User\.vscode\extensions\redhat.java-1.18.0-win32-x64\jre\17.0.7-win32-x86_64\bin\msvcp140.dll
0x00007ffa6a770000 - 0x00007ffa6b3b8000 	c:\Users\User\.vscode\extensions\redhat.java-1.18.0-win32-x64\jre\17.0.7-win32-x86_64\bin\server\jvm.dll
0x00007ffb26ce0000 - 0x00007ffb26d8e000 	C:\WINDOWS\System32\ADVAPI32.dll
0x00007ffb27770000 - 0x00007ffb27814000 	C:\WINDOWS\System32\sechost.dll
0x00007ffb27650000 - 0x00007ffb27767000 	C:\WINDOWS\System32\RPCRT4.dll
0x00007ffaee410000 - 0x00007ffaee419000 	C:\WINDOWS\SYSTEM32\WSOCK32.dll
0x00007ffb26350000 - 0x00007ffb263c1000 	C:\WINDOWS\System32\WS2_32.dll
0x00007ffb1ae70000 - 0x00007ffb1aea4000 	C:\WINDOWS\SYSTEM32\WINMM.dll
0x00007ffb19c10000 - 0x00007ffb19c1a000 	C:\WINDOWS\SYSTEM32\VERSION.dll
0x00007ffb24100000 - 0x00007ffb24118000 	C:\WINDOWS\SYSTEM32\kernel.appcore.dll
0x00007ffae2c80000 - 0x00007ffae2c8a000 	c:\Users\User\.vscode\extensions\redhat.java-1.18.0-win32-x64\jre\17.0.7-win32-x86_64\bin\jimage.dll
0x00007ffb22980000 - 0x00007ffb22bae000 	C:\WINDOWS\SYSTEM32\DBGHELP.DLL
0x00007ffb26d90000 - 0x00007ffb27119000 	C:\WINDOWS\System32\combase.dll
0x00007ffb268a0000 - 0x00007ffb26977000 	C:\WINDOWS\System32\OLEAUT32.dll
0x00007ffaffec0000 - 0x00007ffaffef2000 	C:\WINDOWS\SYSTEM32\dbgcore.DLL
0x00007ffb25150000 - 0x00007ffb251cb000 	C:\WINDOWS\System32\bcryptPrimitives.dll
0x00007ffae2c70000 - 0x00007ffae2c7e000 	c:\Users\User\.vscode\extensions\redhat.java-1.18.0-win32-x64\jre\17.0.7-win32-x86_64\bin\instrument.dll
0x00007ffa8bbd0000 - 0x00007ffa8bbf5000 	c:\Users\User\.vscode\extensions\redhat.java-1.18.0-win32-x64\jre\17.0.7-win32-x86_64\bin\java.dll
0x00007ffa921a0000 - 0x00007ffa921b8000 	c:\Users\User\.vscode\extensions\redhat.java-1.18.0-win32-x64\jre\17.0.7-win32-x86_64\bin\zip.dll
0x00007ffb25a20000 - 0x00007ffb26210000 	C:\WINDOWS\System32\SHELL32.dll
0x00007ffb22fb0000 - 0x00007ffb2387d000 	C:\WINDOWS\SYSTEM32\windows.storage.dll
0x00007ffb22e70000 - 0x00007ffb22fae000 	C:\WINDOWS\SYSTEM32\wintypes.dll
0x00007ffb26430000 - 0x00007ffb26521000 	C:\WINDOWS\System32\SHCORE.dll
0x00007ffb27120000 - 0x00007ffb2717e000 	C:\WINDOWS\System32\shlwapi.dll
0x00007ffb24f20000 - 0x00007ffb24f41000 	C:\WINDOWS\SYSTEM32\profapi.dll
0x00007ffae20d0000 - 0x00007ffae20e9000 	C:\Users\User\.vscode\extensions\redhat.java-1.18.0-win32-x64\jre\17.0.7-win32-x86_64\bin\net.dll
0x00007ffb1f570000 - 0x00007ffb1f6a7000 	C:\WINDOWS\SYSTEM32\WINHTTP.dll
0x00007ffb245a0000 - 0x00007ffb24609000 	C:\WINDOWS\system32\mswsock.dll
0x00007ffa91da0000 - 0x00007ffa91db5000 	C:\Users\User\.vscode\extensions\redhat.java-1.18.0-win32-x64\jre\17.0.7-win32-x86_64\bin\nio.dll
0x00007ffae22a0000 - 0x00007ffae22b0000 	c:\Users\User\.vscode\extensions\redhat.java-1.18.0-win32-x64\jre\17.0.7-win32-x86_64\bin\verify.dll

dbghelp: loaded successfully - version: 4.0.5 - missing functions: none
symbol engine: initialized successfully - sym options: 0x614 - pdb path: .;c:\Users\User\.vscode\extensions\redhat.java-1.18.0-win32-x64\jre\17.0.7-win32-x86_64\bin;C:\WINDOWS\SYSTEM32;C:\WINDOWS\WinSxS\amd64_microsoft.windows.common-controls_6595b64144ccf1df_6.0.22621.608_none_a9444ca7c10bb01d;c:\Users\User\.vscode\extensions\redhat.java-1.18.0-win32-x64\jre\17.0.7-win32-x86_64\bin\server

VM Arguments:
jvm_args: --add-modules=ALL-SYSTEM --add-opens=java.base/java.util=ALL-UNNAMED --add-opens=java.base/java.lang=ALL-UNNAMED --add-opens=java.base/sun.nio.fs=ALL-UNNAMED -Declipse.application=org.eclipse.jdt.ls.core.id1 -Dosgi.bundles.defaultStartLevel=4 -Declipse.product=org.eclipse.jdt.ls.core.product -Djava.import.generatesMetadataFilesAtProjectRoot=false -Dfile.encoding=utf8 -XX:+UseParallelGC -XX:GCTimeRatio=4 -XX:AdaptiveSizePolicyWeight=90 -Dsun.zip.disableMemoryMapping=true -Xmx1G -Xms100m -Xlog:disable -javaagent:c:\Users\User\.vscode\extensions\redhat.java-1.18.0-win32-x64\lombok\lombok-1.18.27.jar 
java_command: c:\Users\User\.vscode\extensions\redhat.java-1.18.0-win32-x64\server\plugins\org.eclipse.equinox.launcher_1.6.400.v20210924-0641.jar -configuration c:\Users\User\AppData\Roaming\Code\User\globalStorage\redhat.java\1.18.0\config_ss_win -data c:\Users\User\AppData\Roaming\Code\User\workspaceStorage\896c532ae2d96f347aefc6fb54d38a78\redhat.java\ss_ws
java_class_path (initial): c:\Users\User\.vscode\extensions\redhat.java-1.18.0-win32-x64\server\plugins\org.eclipse.equinox.launcher_1.6.400.v20210924-0641.jar
Launcher Type: SUN_STANDARD

[Global flags]
    uintx AdaptiveSizePolicyWeight                 = 90                                        {product} {command line}
     intx CICompilerCount                          = 4                                         {product} {ergonomic}
    uintx GCTimeRatio                              = 4                                         {product} {command line}
   size_t InitialHeapSize                          = 104857600                                 {product} {command line}
   size_t MaxHeapSize                              = 1073741824                                {product} {command line}
   size_t MaxNewSize                               = 357564416                                 {product} {ergonomic}
   size_t MinHeapDeltaBytes                        = 524288                                    {product} {ergonomic}
   size_t MinHeapSize                              = 104857600                                 {product} {command line}
   size_t NewSize                                  = 34603008                                  {product} {ergonomic}
    uintx NonNMethodCodeHeapSize                   = 5839372                                {pd product} {ergonomic}
    uintx NonProfiledCodeHeapSize                  = 122909434                              {pd product} {ergonomic}
   size_t OldSize                                  = 70254592                                  {product} {ergonomic}
    uintx ProfiledCodeHeapSize                     = 122909434                              {pd product} {ergonomic}
    uintx ReservedCodeCacheSize                    = 251658240                              {pd product} {ergonomic}
     bool SegmentedCodeCache                       = true                                      {product} {ergonomic}
   size_t SoftMaxHeapSize                          = 1073741824                             {manageable} {ergonomic}
     bool UseCompressedClassPointers               = true                           {product lp64_product} {ergonomic}
     bool UseCompressedOops                        = true                           {product lp64_product} {ergonomic}
     bool UseLargePagesIndividualAllocation        = false                                  {pd product} {ergonomic}
     bool UseParallelGC                            = true                                      {product} {command line}

Logging:
Log output configuration:
 #0: stdout all=off uptime,level,tags
 #1: stderr all=off uptime,level,tags

Environment Variables:
JAVA_HOME=C:\Program Files\Java\jdk-19
PATH=C:\Program Files\Common Files\Oracle\Java\javapath;C:\WINDOWS\system32;C:\WINDOWS;C:\WINDOWS\System32\Wbem;C:\WINDOWS\System32\WindowsPowerShell\v1.0\;C:\WINDOWS\System32\OpenSSH\;C:\Program Files\CodeBlocks\MinGW\bin;C:\xampp\php;C:\composer;C:\Program Files\nodejs\;C:\ProgramData\chocolatey\bin;C:\Program Files\nodejs;C:\xampp\php\InspiranteTechnologies-master;C:\Program Files\Git\cmd;C:\Program Files\mongosh\mongosh-1.6.0-win32-x64\bin;C:\Program Files\Docker\Docker\resources\bin;C:\Program Files\Java\jdk-19\bin;C:\gradle-8.0\bin;C:\Program Files\apache-maven-3.9.0\bin;C:\Users\User\AppData\Local\Programs\Python\Python311;C:\Users\User\AppData\Local\Programs\Python\Python311\Scripts;C:\Users\User\AppData\Local\Programs\Python\Python311\Scripts\;C:\Users\User\AppData\Local\Programs\Python\Python311\;C:\Users\User\AppData\Local\Microsoft\WindowsApps;C:\Program Files\CodeBlocks\MinGW\bin;;C:\Users\User\AppData\Local\Programs\Microsoft VS Code\bin;C:\Users\User\AppData\Roaming\Composer\vendor\bin;C:\Users\User\AppData\Roaming\npm
USERNAME=User
OS=Windows_NT
PROCESSOR_IDENTIFIER=Intel64 Family 6 Model 140 Stepping 1, GenuineIntel
TMP=C:\Users\User\AppData\Local\Temp
TEMP=C:\Users\User\AppData\Local\Temp



---------------  S Y S T E M  ---------------

OS:
 Windows 11 , 64 bit Build 22621 (10.0.22621.1485)
OS uptime: 0 days 17:00 hours
Hyper-V role detected

CPU: total 8 (initial active 8) (4 cores per cpu, 2 threads per core) family 6 model 140 stepping 1 microcode 0xa4, cx8, cmov, fxsr, ht, mmx, 3dnowpref, sse, sse2, sse3, ssse3, sse4.1, sse4.2, popcnt, lzcnt, tsc, tscinvbit, avx, avx2, aes, erms, clmul, bmi1, bmi2, adx, avx512f, avx512dq, avx512cd, avx512bw, avx512vl, sha, fma, vzeroupper, avx512_vpopcntdq, avx512_vpclmulqdq, avx512_vaes, avx512_vnni, clflush, clflushopt, clwb, avx512_vbmi2, avx512_vbmi, hv

Memory: 4k page, system-wide physical 16149M (2013M free)
TotalPageFile size 21857M (AvailPageFile size 0M)
current process WorkingSet (physical memory assigned to process): 44M, peak: 44M
current process commit charge ("private bytes"): 189M, peak: 189M

vm_info: OpenJDK 64-Bit Server VM (17.0.7+7) for windows-amd64 JRE (17.0.7+7), built on Apr 18 2023 22:10:42 by "temurin" with MS VC++ 16.7 (VS2019)

END.
